<?xml version="1.0" encoding="UTF-8"?>
<!-- Generated by org.testng.reporters.JUnitXMLReporter -->
<testsuite ignored="0" hostname="DESKTOP-J3TD01V" failures="0" tests="7" name="mytest" time="6.426" errors="0" timestamp="2024-06-27T19:33:12 IST">
  <testcase classname="testng.First_Testcase" name="openapp" time="0.014"/>
  <testcase classname="testng.First_Testcase" name="login" time="0.002"/>
  <testcase classname="testng.First_Testcase" name="logout" time="0.003"/>
  <testcase classname="testng.Second_class" name="openapp" time="5.634"/>
  <testcase classname="testng.Second_class" name="testlogo" time="0.071"/>
  <testcase classname="testng.Second_class" name="login" time="0.276"/>
  <testcase classname="testng.Second_class" name="closeapp" time="0.354"/>
</testsuite> <!-- mytest -->
