<?xml version="1.0" encoding="UTF-8"?>
<!-- Generated by org.testng.reporters.JUnitXMLReporter -->
<testsuite ignored="0" hostname="DESKTOP-J3TD01V" failures="0" tests="3" name="firefox" time="20.148" errors="0" timestamp="2024-07-09T22:09:07 IST">
  <testcase classname="Parameterization.ParamTest" name="testlogo" time="0.884"/>
  <testcase classname="Parameterization.ParamTest" name="testTitle" time="0.056"/>
  <testcase classname="Parameterization.ParamTest" name="testurl" time="0.027"/>
</testsuite> <!-- firefox -->
