<?xml version="1.0" encoding="UTF-8"?>
<!-- Generated by org.testng.reporters.JUnitXMLReporter -->
<testsuite ignored="0" hostname="DESKTOP-J3TD01V" failures="1" tests="3" name="Test" time="11.694" errors="0" timestamp="2024-09-06T10:23:16 IST">
  <testcase classname="Testng_Listners.Listenres_demo" name="testlogo" time="0.11"/>
  <testcase classname="Testng_Listners.Listenres_demo" name="testurl" time="0.016">
    <failure type="java.lang.AssertionError" message="expected [https://opensource-demo.orangehrmlive.com/web/index.php/auth/login] but found [https://www.orangehrm.com/]">
      <![CDATA[java.lang.AssertionError: expected [https://opensource-demo.orangehrmlive.com/web/index.php/auth/login] but found [https://www.orangehrm.com/]
at Testng_Listners.Listenres_demo.testurl(Listenres_demo.java:36)
at java.base/java.util.ArrayList.forEach(ArrayList.java:1596)
... Removed 31 stack frames]]>
    </failure>
  </testcase> <!-- testurl -->
  <testcase classname="Testng_Listners.Listenres_demo" name="testhomepageTitle" time="0.0">
    <skipped/>
  </testcase> <!-- testhomepageTitle -->
</testsuite> <!-- Test -->
